<xml>
  <line>Lorem Ipsum is simply dummy text of the printing and typesetting
    industry.
  </line>
  <line>Lorem Ipsum has been the industry's standard dummy text ever since the
    1500s,
  </line>
  <line>when an unknown printer took a galley of type and scrambled it to make a
    type
  </line>
  <line>specimen book. It has survived not only five centuries, but also the
    leap into
  </line>
  <line>electronic typesetting, remaining essentially unchanged. It was
    popularised
  </line>
  <line>in the 1960s with the release of Letraset sheets containing Lorem
    Ipsum
  </line>
  <line>passages, and more recently with desktop publishing software like
    Aldus
  </line>
  <line>PageMaker including versions of Lorem Ipsum.</line>
</xml>